<?xml version="1.0" encoding="UTF-8"?>
<testng-results skipped="0" failed="0" ignored="0" total="1" passed="1">
  <reporter-output>
  </reporter-output>
  <suite name="Suite" duration-ms="41" started-at="2022-06-05T15:52:32 IST" finished-at="2022-06-05T15:52:32 IST">
    <groups>
    </groups>
    <test name="Test" duration-ms="41" started-at="2022-06-05T15:52:32 IST" finished-at="2022-06-05T15:52:32 IST">
      <class name="tests.test1">
        <test-method status="PASS" signature="testcase1()[pri:0, instance:tests.test1@2038ae61]" name="testcase1" duration-ms="5" started-at="2022-06-05T15:52:32 IST" finished-at="2022-06-05T15:52:32 IST">
          <reporter-output>
          </reporter-output>
        </test-method> <!-- testcase1 -->
      </class> <!-- tests.test1 -->
    </test> <!-- Test -->
  </suite> <!-- Suite -->
</testng-results>
