<?xml version="1.0" encoding="UTF-8"?>
<testng-results skipped="0" failed="0" ignored="0" total="1" passed="1">
  <reporter-output>
  </reporter-output>
  <suite name="Default suite" duration-ms="53" started-at="2022-06-05T15:35:10 IST" finished-at="2022-06-05T15:35:10 IST">
    <groups>
    </groups>
    <test name="Default test" duration-ms="53" started-at="2022-06-05T15:35:10 IST" finished-at="2022-06-05T15:35:10 IST">
      <class name="tests.test1">
        <test-method status="PASS" signature="testcase1()[pri:0, instance:tests.test1@711f39f9]" name="testcase1" duration-ms="9" started-at="2022-06-05T15:35:10 IST" finished-at="2022-06-05T15:35:10 IST">
          <reporter-output>
          </reporter-output>
        </test-method> <!-- testcase1 -->
      </class> <!-- tests.test1 -->
    </test> <!-- Default test -->
  </suite> <!-- Default suite -->
</testng-results>
