<?xml version="1.0" encoding="UTF-8"?>
<testng-results skipped="0" failed="0" ignored="2" total="3" passed="1">
  <reporter-output>
  </reporter-output>
  <suite name="Suite" duration-ms="9578" started-at="2022-07-03T11:02:21 IST" finished-at="2022-07-03T11:02:31 IST">
    <groups>
    </groups>
    <test name="Test" duration-ms="9578" started-at="2022-07-03T11:02:21 IST" finished-at="2022-07-03T11:02:31 IST">
      <class name="tests.LoginPageTest">
        <test-method status="PASS" signature="regressionTest()[pri:0, instance:tests.LoginPageTest@4f7d0008]" name="regressionTest" duration-ms="9499" started-at="2022-07-03T11:02:21 IST" finished-at="2022-07-03T11:02:31 IST">
          <reporter-output>
          </reporter-output>
        </test-method> <!-- regressionTest -->
      </class> <!-- tests.LoginPageTest -->
    </test> <!-- Test -->
  </suite> <!-- Suite -->
</testng-results>
