<?xml version="1.0" encoding="UTF-8"?>
<!-- Generated by org.testng.reporters.JUnitXMLReporter -->
<testsuite ignored="0" hostname="ip-172-31-89-60.ec2.internal" failures="0" tests="3" name="SanityTest" time="16.257" errors="0" timestamp="2025-05-30T18:03:47 UTC">
  <testcase classname="sanityTestcases.SanityTest1" name="openGoogleAndSearch" time="1.593"/>
  <testcase classname="sanityTestcases.SanityTest2" name="openGoogleAndSearch" time="1.532"/>
  <testcase classname="sanityTestcases.SanityTest3" name="openGoogleAndSearch" time="1.49"/>
</testsuite> <!-- SanityTest -->
