<?xml version="1.0" encoding="UTF-8"?>
<testsuite xmlns:xsi="http://www.w3.org/2001/XMLSchema-instance" xsi:schemaLocation="https://maven.apache.org/surefire/maven-surefire-plugin/xsd/surefire-test-report.xsd" name="TestSuite" time="17.065" tests="3" errors="0" skipped="0" failures="0">
  <properties>
[...]
</properties>
  <testcase name="openGoogleAndSearch" classname="sanityTestcases.SanityTest1" time="1.593"/>
  <testcase name="openGoogleAndSearch" classname="sanityTestcases.SanityTest2" time="1.534"/>
  <testcase name="openGoogleAndSearch" classname="sanityTestcases.SanityTest3" time="1.49"/>
</testsuite>