<?xml version="1.0" encoding="UTF-8"?>
<!-- Generated by org.testng.reporters.JUnitXMLReporter -->
<testsuite hostname="AjVivoBook" ignored="2" name="Test" tests="1" failures="0" timestamp="2022-07-03T10:49:30 IST" time="9.47" errors="0">
  <testcase name="smokeTest" time="9.468" classname="tests.LoginPageTest"/>
  <testcase name="sanityTest" time="0.0" classname="tests.LoginPageTest">
    <ignored/>
  </testcase> <!-- sanityTest -->
  <testcase name="regressionTest" time="0.0" classname="tests.LoginPageTest">
    <ignored/>
  </testcase> <!-- regressionTest -->
</testsuite> <!-- Test -->
