<?xml version="1.0" encoding="UTF-8"?>
<!-- Generated by org.testng.reporters.JUnitXMLReporter -->
<testsuite hostname="AjVivoBook" ignored="2" name="Test" tests="1" failures="0" timestamp="2022-07-03T11:02:31 IST" time="9.578" errors="0">
  <testcase name="regressionTest" time="9.499" classname="tests.LoginPageTest"/>
  <testcase name="sanityTest" time="0.0" classname="tests.LoginPageTest">
    <ignored/>
  </testcase> <!-- sanityTest -->
  <testcase name="smokeTest" time="0.0" classname="tests.LoginPageTest">
    <ignored/>
  </testcase> <!-- smokeTest -->
</testsuite> <!-- Test -->
