<?xml version="1.0" encoding="UTF-8"?>
<!-- Generated by org.testng.reporters.JUnitXMLReporter -->
<testsuite hostname="AjVivoBook" ignored="0" name="Command line test" tests="3" failures="0" timestamp="2022-07-02T19:30:33 IST" time="18.698" errors="0">
  <testcase name="regressionTest" time="6.893" classname="tests.LoginPageTest"/>
  <testcase name="sanityTest" time="5.511" classname="tests.LoginPageTest"/>
  <testcase name="smokeTest" time="6.255" classname="tests.LoginPageTest"/>
</testsuite> <!-- Command line test -->
